writeCommonTags: couldn't write 'track' tag to 'NewSongs/body is a wonderland.mp4' as it's not a positive integer
writeCommonTags: couldn't write 'year' tag to 'NewSongs/maroon 5 - she will be loved.mp4' as it's not a positive integer
writeCommonTags: couldn't write 'track' tag to 'NewSongs/maroon 5 - she will be loved.mp4' as it's not a positive integer
writeCommonTags: couldn't write 'year' tag to 'NewSongs/junkyard groove - say goodbye (acoustic).mp4' as it's not a positive integer
writeCommonTags: couldn't write 'track' tag to 'NewSongs/junkyard groove - say goodbye (acoustic).mp4' as it's not a positive integer
writeCommonTags: couldn't write 'year' tag to 'NewSongs/the weeknd - starboy ft. daft punk.mp4' as it's not a positive integer
writeCommonTags: couldn't write 'track' tag to 'NewSongs/the weeknd - starboy ft. daft punk.mp4' as it's not a positive integer
writeCommonTags: couldn't write 'year' tag to 'NewSongs/Sheryl Crow - Sweet Child O'mine.mp4' as it's not a positive integer
writeCommonTags: couldn't write 'track' tag to 'NewSongs/Sheryl Crow - Sweet Child O'mine.mp4' as it's not a positive integer
writeCommonTags: couldn't write 'year' tag to 'NewSongs/junkyardgroove.mp4' as it's not a positive integer
writeCommonTags: couldn't write 'track' tag to 'NewSongs/junkyardgroove.mp4' as it's not a positive integer
writeCommonTags: couldn't write 'year' tag to 'NewSongs/junkyard groove - losing her.mp4' as it's not a positive integer
writeCommonTags: couldn't write 'track' tag to 'NewSongs/junkyard groove - losing her.mp4' as it's not a positive integer
writeCommonTags: couldn't write 'year' tag to 'NewSongs/Fuuka - Fair wind - The fallen moon.mp4' as it's not a positive integer
writeCommonTags: couldn't write 'track' tag to 'NewSongs/Fuuka - Fair wind - The fallen moon.mp4' as it's not a positive integer
writeCommonTags: couldn't write 'year' tag to 'NewSongs/Michael Jackson - Heal The World.mp4' as it's not a positive integer
writeCommonTags: couldn't write 'track' tag to 'NewSongs/Michael Jackson - Heal The World.mp4' as it's not a positive integer
writeCommonTags: couldn't write 'year' tag to 'NewSongs/Kings Of Leon - Use Somebody (Boyce Avenue feat. Hannah Trigwell acoustic cover) on iTunes & Spotify.mp4' as it's not a positive integer
writeCommonTags: couldn't write 'track' tag to 'NewSongs/Kings Of Leon - Use Somebody (Boyce Avenue feat. Hannah Trigwell acoustic cover) on iTunes & Spotify.mp4' as it's not a positive integer
writeCommonTags: couldn't write 'year' tag to 'NewSongs/lukas graham -  7 years [official music video].mp4' as it's not a positive integer
writeCommonTags: couldn't write 'track' tag to 'NewSongs/lukas graham -  7 years [official music video].mp4' as it's not a positive integer
writeCommonTags: couldn't write 'year' tag to 'NewSongs/Majesty - Delirious with Hillsong (lyrics) (Last part) Best True Spirit Worship Song.mp4' as it's not a positive integer
writeCommonTags: couldn't write 'track' tag to 'NewSongs/Majesty - Delirious with Hillsong (lyrics) (Last part) Best True Spirit Worship Song.mp4' as it's not a positive integer
writeCommonTags: couldn't write 'year' tag to 'NewSongs/maren morris - my church (lyric video).mp4' as it's not a positive integer
writeCommonTags: couldn't write 'track' tag to 'NewSongs/maren morris - my church (lyric video).mp4' as it's not a positive integer
writeCommonTags: couldn't write 'year' tag to 'NewSongs/mark ronson - uptown funk ft. bruno mars.mp4' as it's not a positive integer
writeCommonTags: couldn't write 'track' tag to 'NewSongs/mark ronson - uptown funk ft. bruno mars.mp4' as it's not a positive integer
writeCommonTags: couldn't write 'year' tag to 'NewSongs/maroon 5 - moves like jagger ft. christina aguilera.mp4' as it's not a positive integer
writeCommonTags: couldn't write 'track' tag to 'NewSongs/maroon 5 - moves like jagger ft. christina aguilera.mp4' as it's not a positive integer
writeCommonTags: couldn't write 'year' tag to 'NewSongs/maroon 5 - sugar.mp4' as it's not a positive integer
writeCommonTags: couldn't write 'track' tag to 'NewSongs/maroon 5 - sugar.mp4' as it's not a positive integer
writeCommonTags: couldn't write 'year' tag to 'NewSongs/maroon 5 - sunday morning.mp4' as it's not a positive integer
writeCommonTags: couldn't write 'track' tag to 'NewSongs/maroon 5 - sunday morning.mp4' as it's not a positive integer
writeCommonTags: couldn't write 'year' tag to 'NewSongs/Me & My Broken Heart - Rixton - Macy Kate Cover.mp4' as it's not a positive integer
writeCommonTags: couldn't write 'track' tag to 'NewSongs/Me & My Broken Heart - Rixton - Macy Kate Cover.mp4' as it's not a positive integer
writeCommonTags: couldn't write 'year' tag to 'NewSongs/meghan trainor - like i'm gonna lose you ft. john legend.mp4' as it's not a positive integer
writeCommonTags: couldn't write 'track' tag to 'NewSongs/meghan trainor - like i'm gonna lose you ft. john legend.mp4' as it's not a positive integer
writeCommonTags: couldn't write 'year' tag to 'NewSongs/mike posner - i took a pill in ibiza (seeb remix) (explicit).mp4' as it's not a positive integer
writeCommonTags: couldn't write 'track' tag to 'NewSongs/mike posner - i took a pill in ibiza (seeb remix) (explicit).mp4' as it's not a positive integer
writeCommonTags: couldn't write 'year' tag to 'NewSongs/one direction - best song ever.mp4' as it's not a positive integer
writeCommonTags: couldn't write 'track' tag to 'NewSongs/one direction - best song ever.mp4' as it's not a positive integer
writeCommonTags: couldn't write 'year' tag to 'NewSongs/one direction - drag me down.mp4' as it's not a positive integer
writeCommonTags: couldn't write 'track' tag to 'NewSongs/one direction - drag me down.mp4' as it's not a positive integer
writeCommonTags: couldn't write 'year' tag to 'NewSongs/one direction - live while we're young.mp4' as it's not a positive integer
writeCommonTags: couldn't write 'track' tag to 'NewSongs/one direction - live while we're young.mp4' as it's not a positive integer
writeCommonTags: couldn't write 'year' tag to 'NewSongs/one direction - one thing.mp4' as it's not a positive integer
writeCommonTags: couldn't write 'track' tag to 'NewSongs/one direction - one thing.mp4' as it's not a positive integer
writeCommonTags: couldn't write 'year' tag to 'NewSongs/one direction - what makes you beautiful.mp4' as it's not a positive integer
writeCommonTags: couldn't write 'track' tag to 'NewSongs/one direction - what makes you beautiful.mp4' as it's not a positive integer
writeCommonTags: couldn't write 'year' tag to 'NewSongs/one direction - you & i.mp4' as it's not a positive integer
writeCommonTags: couldn't write 'track' tag to 'NewSongs/one direction - you & i.mp4' as it's not a positive integer
writeCommonTags: couldn't write 'year' tag to 'NewSongs/orkut - video.mp4' as it's not a positive integer
writeCommonTags: couldn't write 'track' tag to 'NewSongs/orkut - video.mp4' as it's not a positive integer
writeCommonTags: couldn't write 'year' tag to 'NewSongs/r. city - locked away ft. adam levine.mp4' as it's not a positive integer
writeCommonTags: couldn't write 'track' tag to 'NewSongs/r. city - locked away ft. adam levine.mp4' as it's not a positive integer
writeCommonTags: couldn't write 'year' tag to 'NewSongs/Radioactive - Imagine Dragons (Boyce Avenue acoustic cover) on iTunes & Spotify.mp4' as it's not a positive integer
writeCommonTags: couldn't write 'track' tag to 'NewSongs/Radioactive - Imagine Dragons (Boyce Avenue acoustic cover) on iTunes & Spotify.mp4' as it's not a positive integer
writeCommonTags: couldn't write 'year' tag to 'NewSongs/redone - don't you need somebody [official music video].mp4' as it's not a positive integer
writeCommonTags: couldn't write 'track' tag to 'NewSongs/redone - don't you need somebody [official music video].mp4' as it's not a positive integer
writeCommonTags: couldn't write 'year' tag to 'NewSongs/rihanna - work (explicit) ft. drake.mp4' as it's not a positive integer
writeCommonTags: couldn't write 'track' tag to 'NewSongs/rihanna - work (explicit) ft. drake.mp4' as it's not a positive integer
writeCommonTags: couldn't write 'year' tag to 'NewSongs/Seasons Of Love - Glee Cast - ''The Quarterback'' (Official Full Song).mp4' as it's not a positive integer
writeCommonTags: couldn't write 'track' tag to 'NewSongs/Seasons Of Love - Glee Cast - ''The Quarterback'' (Official Full Song).mp4' as it's not a positive integer
writeCommonTags: couldn't write 'year' tag to 'NewSongs/sia - cheap thrills (performance edit).mp4' as it's not a positive integer
writeCommonTags: couldn't write 'track' tag to 'NewSongs/sia - cheap thrills (performance edit).mp4' as it's not a positive integer
writeCommonTags: couldn't write 'year' tag to 'NewSongs/Skrillex and Diplo - Where Are Ü Now with Justin Bieber (Official Video).mp4' as it's not a positive integer
writeCommonTags: couldn't write 'track' tag to 'NewSongs/Skrillex and Diplo - Where Are Ü Now with Justin Bieber (Official Video).mp4' as it's not a positive integer
writeCommonTags: couldn't write 'year' tag to 'NewSongs/Somebody to Love Glee Cast Version.mp4' as it's not a positive integer
writeCommonTags: couldn't write 'track' tag to 'NewSongs/Somebody to Love Glee Cast Version.mp4' as it's not a positive integer
writeCommonTags: couldn't write 'year' tag to 'NewSongs/someone like you.mp4' as it's not a positive integer
writeCommonTags: couldn't write 'track' tag to 'NewSongs/someone like you.mp4' as it's not a positive integer
writeCommonTags: couldn't write 'year' tag to 'NewSongs/somewhere i belong- linkin park.mp4' as it's not a positive integer
writeCommonTags: couldn't write 'track' tag to 'NewSongs/somewhere i belong- linkin park.mp4' as it's not a positive integer
writeCommonTags: couldn't write 'year' tag to 'NewSongs/Here I am to Worship_Call - Hllsong (with Lyrics_Subtitles) (Worship Song).mp4' as it's not a positive integer
writeCommonTags: couldn't write 'track' tag to 'NewSongs/Here I am to Worship_Call - Hllsong (with Lyrics_Subtitles) (Worship Song).mp4' as it's not a positive integer
writeCommonTags: couldn't write 'year' tag to 'NewSongs/the weeknd - can't feel my face.mp4' as it's not a positive integer
writeCommonTags: couldn't write 'track' tag to 'NewSongs/the weeknd - can't feel my face.mp4' as it's not a positive integer
writeCommonTags: couldn't write 'year' tag to 'NewSongs/g-eazy x bebe rexha - me, myself & i.mp4' as it's not a positive integer
writeCommonTags: couldn't write 'track' tag to 'NewSongs/g-eazy x bebe rexha - me, myself & i.mp4' as it's not a positive integer
writeCommonTags: couldn't write 'year' tag to 'NewSongs/Iktara Unplugged - Amit Trivedi - MTV Unplugged - Dil Musicana.mp4' as it's not a positive integer
writeCommonTags: couldn't write 'track' tag to 'NewSongs/Iktara Unplugged - Amit Trivedi - MTV Unplugged - Dil Musicana.mp4' as it's not a positive integer
writeCommonTags: couldn't write 'year' tag to 'NewSongs/Hillsong United - Hosanna - With Subtitles_Lyrics.mp4' as it's not a positive integer
writeCommonTags: couldn't write 'track' tag to 'NewSongs/Hillsong United - Hosanna - With Subtitles_Lyrics.mp4' as it's not a positive integer
writeCommonTags: couldn't write 'year' tag to 'NewSongs/Wiz Khalifa - See You Again ft. Charlie Puth [Official Video] Furious 7 Soundtrack.mp4' as it's not a positive integer
writeCommonTags: couldn't write 'track' tag to 'NewSongs/Wiz Khalifa - See You Again ft. Charlie Puth [Official Video] Furious 7 Soundtrack.mp4' as it's not a positive integer
writeCommonTags: couldn't write 'year' tag to 'NewSongs/Tom Dice - Me And My Guitar (Belgium).mp4' as it's not a positive integer
writeCommonTags: couldn't write 'track' tag to 'NewSongs/Tom Dice - Me And My Guitar (Belgium).mp4' as it's not a positive integer
writeCommonTags: couldn't write 'year' tag to 'NewSongs/For Good Performed by Kristin Chenoweth and Idina Menzel - WICKED the Musical.mp4' as it's not a positive integer
writeCommonTags: couldn't write 'track' tag to 'NewSongs/For Good Performed by Kristin Chenoweth and Idina Menzel - WICKED the Musical.mp4' as it's not a positive integer
